#
# There is insufficient memory for the Java Runtime Environment to continue.
# Native memory allocation (malloc) failed to allocate 65552 bytes for Chunk::new
# Possible reasons:
#   The system is out of physical RAM or swap space
#   In 32 bit mode, the process size limit was hit
# Possible solutions:
#   Reduce memory load on the system
#   Increase physical memory or swap space
#   Check if swap backing store is full
#   Use 64 bit Java on a 64 bit OS
#   Decrease Java heap size (-Xmx/-Xms)
#   Decrease number of Java threads
#   Decrease Java thread stack sizes (-Xss)
#   Set larger code cache with -XX:ReservedCodeCacheSize=
# This output file may be truncated or incomplete.
#
#  Out of Memory Error (allocation.cpp:390), pid=1004, tid=0x0000000000001b60
#
# JRE version: OpenJDK Runtime Environment (8.0_112-b06) (build 1.8.0_112-release-b06)
# Java VM: OpenJDK 64-Bit Server VM (25.112-b06 mixed mode windows-amd64 compressed oops)
# Failed to write core dump. Minidumps are not enabled by default on client versions of Windows
#

---------------  T H R E A D  ---------------

Current thread (0x0000000055f2c800):  JavaThread "C2 CompilerThread0" daemon [_thread_in_native, id=7008, stack(0x0000000057170000,0x0000000057270000)]

Stack: [0x0000000057170000,0x0000000057270000]
[error occurred during error reporting (printing stack bounds), id 0xc0000005]

Native frames: (J=compiled Java code, j=interpreted, Vv=VM code, C=native code)


Current CompileTask:
C2: 292770 11237       4       com.android.dx.dex.code.OutputFinisher::addConstants (93 bytes)


---------------  P R O C E S S  ---------------

Java Threads: ( => current thread )
  0x000000005b3ff000 JavaThread "pool-6-thread-2" [_thread_in_Java, id=6376, stack(0x00000000616c0000,0x00000000617c0000)]
  0x000000005bed1000 JavaThread "pool-6-thread-1" [_thread_blocked, id=3716, stack(0x000000005d560000,0x000000005d660000)]
  0x000000005bed0000 JavaThread "pool-5-thread-2" [_thread_blocked, id=5216, stack(0x0000000060c00000,0x0000000060d00000)]
  0x000000005becf800 JavaThread "pool-5-thread-1" [_thread_in_native, id=3220, stack(0x000000005a000000,0x000000005a100000)]
  0x000000005b277800 JavaThread "Cache update executor" [_thread_blocked, id=856, stack(0x000000005efb0000,0x000000005f0b0000)]
  0x000000005b276000 JavaThread "Asynchronous log dispatcher for DefaultDaemonConnection: socket connection from /127.0.0.1:52961 to /127.0.0.1:53166" [_thread_blocked, id=2128, stack(0x0000000056940000,0x0000000056a40000)]
  0x000000005b275000 JavaThread "Daemon worker Thread 2" [_thread_blocked, id=6480, stack(0x0000000059e60000,0x0000000059f60000)]
  0x000000005b274800 JavaThread "Cancel handler" [_thread_blocked, id=5512, stack(0x0000000059a60000,0x0000000059b60000)]
  0x000000005b273800 JavaThread "Handler for socket connection from /127.0.0.1:52961 to /127.0.0.1:53166" [_thread_in_native, id=6096, stack(0x0000000059d60000,0x0000000059e60000)]
  0x000000005b271800 JavaThread "Daemon Thread 2" [_thread_blocked, id=6236, stack(0x0000000056e60000,0x0000000056f60000)]
  0x000000005754c000 JavaThread "File lock request listener" [_thread_in_native, id=6168, stack(0x000000005a370000,0x000000005a470000)]
  0x0000000057c27000 JavaThread "pool-1-thread-1" [_thread_blocked, id=2720, stack(0x0000000059be0000,0x0000000059ce0000)]
  0x00000000587d5800 JavaThread "Incoming local TCP Connector on port 52961" [_thread_in_native, id=1180, stack(0x00000000596d0000,0x00000000597d0000)]
  0x0000000057388800 JavaThread "Service Thread" daemon [_thread_blocked, id=1844, stack(0x0000000057820000,0x0000000057920000)]
  0x0000000055f36800 JavaThread "C1 CompilerThread1" daemon [_thread_in_native, id=5340, stack(0x0000000057280000,0x0000000057380000)]
=>0x0000000055f2c800 JavaThread "C2 CompilerThread0" daemon [_thread_in_native, id=7008, stack(0x0000000057170000,0x0000000057270000)]
  0x0000000055f2b800 JavaThread "Attach Listener" daemon [_thread_blocked, id=4808, stack(0x0000000056f60000,0x0000000057060000)]
  0x0000000055f28000 JavaThread "Signal Dispatcher" daemon [_thread_blocked, id=6268, stack(0x0000000056d30000,0x0000000056e30000)]
  0x0000000055f11800 JavaThread "Finalizer" daemon [_thread_blocked, id=5224, stack(0x0000000056bd0000,0x0000000056cd0000)]
  0x0000000055ec8800 JavaThread "Reference Handler" daemon [_thread_blocked, id=6860, stack(0x0000000056a50000,0x0000000056b50000)]
  0x0000000001fbe800 JavaThread "main" [_thread_blocked, id=5416, stack(0x0000000002140000,0x0000000002240000)]

Other Threads:
  0x0000000055ebc800 VMThread [stack: 0x0000000056820000,0x0000000056920000] [id=5300]
  0x0000000055f8e800 WatcherThread [stack: 0x00000000579a0000,0x0000000057aa0000] [id=3432]

VM state:not at safepoint (normal execution)

VM Mutex/Monitor currently owned by a thread: None

Heap:
 PSYoungGen      total 138240K, used 11859K [0x00000000e0000000, 0x00000000ee980000, 0x0000000100000000)
  eden space 124928K, 9% used [0x00000000e0000000,0x00000000e0b94f80,0x00000000e7a00000)
  from space 13312K, 0% used [0x00000000e9a00000,0x00000000e9a00000,0x00000000ea700000)
  to   space 32768K, 0% used [0x00000000e7a00000,0x00000000e7a00000,0x00000000e9a00000)
 ParOldGen       total 93184K, used 83244K [0x00000000a0000000, 0x00000000a5b00000, 0x00000000e0000000)
  object space 93184K, 89% used [0x00000000a0000000,0x00000000a514b268,0x00000000a5b00000)
 Metaspace       used 61148K, capacity 63720K, committed 63960K, reserved 1103872K
  class space    used 8057K, capacity 8607K, committed 8664K, reserved 1048576K

Card table byte_map: [0x00000000118d0000,0x0000000011be0000] byte_map_base: 0x00000000113d0000

Marking Bits: (ParMarkBitMap*) 0x000000006d6018f0
 Begin Bits: [0x0000000012290000, 0x0000000013a90000)
 End Bits:   [0x0000000013a90000, 0x0000000015290000)

Polling page: 0x0000000000110000

CodeCache: size=245760Kb used=32976Kb max_used=33018Kb free=212783Kb
 bounds [0x0000000002510000, 0x0000000004580000, 0x0000000011510000]
 total_blobs=10487 nmethods=9727 adapters=673
 compilation: enabled

Compilation events (10 events):
Event: 292.431 Thread 0x0000000055f36800 11370       2       com.android.dx.dex.code.form.Form20t::branchFits (22 bytes)
Event: 292.432 Thread 0x0000000055f36800 nmethod 11370 0x0000000003030450 code [0x00000000030305e0, 0x00000000030308f8]
Event: 292.436 Thread 0x0000000055f36800 11371       1       com.android.dx.dex.code.CatchTable$Entry::getHandlers (5 bytes)
Event: 292.437 Thread 0x0000000055f36800 nmethod 11371 0x0000000003ea9210 code [0x0000000003ea9360, 0x0000000003ea9470]
Event: 292.439 Thread 0x0000000055f36800 11372       2       com.google.common.hash.Hashing::sha1 (4 bytes)
Event: 292.439 Thread 0x0000000055f36800 nmethod 11372 0x0000000003eaad90 code [0x0000000003eaaee0, 0x0000000003eab010]
Event: 292.439 Thread 0x0000000055f36800 11373   !   2       com.google.common.hash.MessageDigestHashFunction::newHasher (54 bytes)
Event: 292.440 Thread 0x0000000055f36800 nmethod 11373 0x0000000003bd0f10 code [0x0000000003bd10e0, 0x0000000003bd17e8]
Event: 292.440 Thread 0x0000000055f36800 11374   !   2       java.io.File::toPath (54 bytes)
Event: 292.441 Thread 0x0000000055f36800 nmethod 11374 0x0000000003943f90 code [0x0000000003944100, 0x00000000039444c8]

GC Heap History (10 events):
Event: 256.993 GC heap before
{Heap before GC invocations=26 (full 3):
 PSYoungGen      total 132608K, used 121856K [0x00000000e0000000, 0x00000000e9200000, 0x0000000100000000)
  eden space 121856K, 100% used [0x00000000e0000000,0x00000000e7700000,0x00000000e7700000)
  from space 10752K, 0% used [0x00000000e8780000,0x00000000e8780000,0x00000000e9200000)
  to   space 13824K, 0% used [0x00000000e7700000,0x00000000e7700000,0x00000000e8480000)
 ParOldGen       total 93184K, used 46014K [0x00000000a0000000, 0x00000000a5b00000, 0x00000000e0000000)
  object space 93184K, 49% used [0x00000000a0000000,0x00000000a2cefbc8,0x00000000a5b00000)
 Metaspace       used 57657K, capacity 60210K, committed 60248K, reserved 1101824K
  class space    used 7754K, capacity 8276K, committed 8280K, reserved 1048576K
Event: 257.041 GC heap after
Heap after GC invocations=26 (full 3):
 PSYoungGen      total 135680K, used 5335K [0x00000000e0000000, 0x00000000ea700000, 0x0000000100000000)
  eden space 121856K, 0% used [0x00000000e0000000,0x00000000e0000000,0x00000000e7700000)
  from space 13824K, 38% used [0x00000000e7700000,0x00000000e7c35f88,0x00000000e8480000)
  to   space 13312K, 0% used [0x00000000e9a00000,0x00000000e9a00000,0x00000000ea700000)
 ParOldGen       total 93184K, used 46022K [0x00000000a0000000, 0x00000000a5b00000, 0x00000000e0000000)
  object space 93184K, 49% used [0x00000000a0000000,0x00000000a2cf1bc8,0x00000000a5b00000)
 Metaspace       used 57657K, capacity 60210K, committed 60248K, reserved 1101824K
  class space    used 7754K, capacity 8276K, committed 8280K, reserved 1048576K
}
Event: 273.464 GC heap before
{Heap before GC invocations=27 (full 3):
 PSYoungGen      total 135680K, used 127191K [0x00000000e0000000, 0x00000000ea700000, 0x0000000100000000)
  eden space 121856K, 100% used [0x00000000e0000000,0x00000000e7700000,0x00000000e7700000)
  from space 13824K, 38% used [0x00000000e7700000,0x00000000e7c35f88,0x00000000e8480000)
  to   space 13312K, 0% used [0x00000000e9a00000,0x00000000e9a00000,0x00000000ea700000)
 ParOldGen       total 93184K, used 46022K [0x00000000a0000000, 0x00000000a5b00000, 0x00000000e0000000)
  object space 93184K, 49% used [0x00000000a0000000,0x00000000a2cf1bc8,0x00000000a5b00000)
 Metaspace       used 60633K, capacity 63182K, committed 63448K, reserved 1103872K
  class space    used 8030K, capacity 8576K, committed 8664K, reserved 1048576K
Event: 273.614 GC heap after
Heap after GC invocations=27 (full 3):
 PSYoungGen      total 153088K, used 13284K [0x00000000e0000000, 0x00000000eae00000, 0x0000000100000000)
  eden space 139776K, 0% used [0x00000000e0000000,0x00000000e0000000,0x00000000e8880000)
  from space 13312K, 99% used [0x00000000e9a00000,0x00000000ea6f93b0,0x00000000ea700000)
  to   space 17920K, 0% used [0x00000000e8880000,0x00000000e8880000,0x00000000e9a00000)
 ParOldGen       total 93184K, used 53730K [0x00000000a0000000, 0x00000000a5b00000, 0x00000000e0000000)
  object space 93184K, 57% used [0x00000000a0000000,0x00000000a3478948,0x00000000a5b00000)
 Metaspace       used 60633K, capacity 63182K, committed 63448K, reserved 1103872K
  class space    used 8030K, capacity 8576K, committed 8664K, reserved 1048576K
}
Event: 275.362 GC heap before
{Heap before GC invocations=28 (full 3):
 PSYoungGen      total 153088K, used 153060K [0x00000000e0000000, 0x00000000eae00000, 0x0000000100000000)
  eden space 139776K, 100% used [0x00000000e0000000,0x00000000e8880000,0x00000000e8880000)
  from space 13312K, 99% used [0x00000000e9a00000,0x00000000ea6f93b0,0x00000000ea700000)
  to   space 17920K, 0% used [0x00000000e8880000,0x00000000e8880000,0x00000000e9a00000)
 ParOldGen       total 93184K, used 53730K [0x00000000a0000000, 0x00000000a5b00000, 0x00000000e0000000)
  object space 93184K, 57% used [0x00000000a0000000,0x00000000a3478948,0x00000000a5b00000)
 Metaspace       used 60909K, capacity 63502K, committed 63704K, reserved 1103872K
  class space    used 8046K, capacity 8576K, committed 8664K, reserved 1048576K
Event: 277.472 GC heap after
Heap after GC invocations=28 (full 3):
 PSYoungGen      total 157696K, used 17900K [0x00000000e0000000, 0x00000000eae00000, 0x0000000100000000)
  eden space 139776K, 0% used [0x00000000e0000000,0x00000000e0000000,0x00000000e8880000)
  from space 17920K, 99% used [0x00000000e8880000,0x00000000e99fb3d8,0x00000000e9a00000)
  to   space 13312K, 0% used [0x00000000e9a00000,0x00000000e9a00000,0x00000000ea700000)
 ParOldGen       total 93184K, used 68306K [0x00000000a0000000, 0x00000000a5b00000, 0x00000000e0000000)
  object space 93184K, 73% used [0x00000000a0000000,0x00000000a42b48c0,0x00000000a5b00000)
 Metaspace       used 60909K, capacity 63502K, committed 63704K, reserved 1103872K
  class space    used 8046K, capacity 8576K, committed 8664K, reserved 1048576K
}
Event: 284.794 GC heap before
{Heap before GC invocations=29 (full 3):
 PSYoungGen      total 157696K, used 157676K [0x00000000e0000000, 0x00000000eae00000, 0x0000000100000000)
  eden space 139776K, 100% used [0x00000000e0000000,0x00000000e8880000,0x00000000e8880000)
  from space 17920K, 99% used [0x00000000e8880000,0x00000000e99fb3d8,0x00000000e9a00000)
  to   space 13312K, 0% used [0x00000000e9a00000,0x00000000e9a00000,0x00000000ea700000)
 ParOldGen       total 93184K, used 68306K [0x00000000a0000000, 0x00000000a5b00000, 0x00000000e0000000)
  object space 93184K, 73% used [0x00000000a0000000,0x00000000a42b48c0,0x00000000a5b00000)
 Metaspace       used 61140K, capacity 63726K, committed 63960K, reserved 1103872K
  class space    used 8058K, capacity 8608K, committed 8664K, reserved 1048576K
Event: 285.095 GC heap after
Heap after GC invocations=29 (full 3):
 PSYoungGen      total 138240K, used 13306K [0x00000000e0000000, 0x00000000ee980000, 0x0000000100000000)
  eden space 124928K, 0% used [0x00000000e0000000,0x00000000e0000000,0x00000000e7a00000)
  from space 13312K, 99% used [0x00000000e9a00000,0x00000000ea6fe938,0x00000000ea700000)
  to   space 32768K, 0% used [0x00000000e7a00000,0x00000000e7a00000,0x00000000e9a00000)
 ParOldGen       total 93184K, used 87464K [0x00000000a0000000, 0x00000000a5b00000, 0x00000000e0000000)
  object space 93184K, 93% used [0x00000000a0000000,0x00000000a556a0b8,0x00000000a5b00000)
 Metaspace       used 61140K, capacity 63726K, committed 63960K, reserved 1103872K
  class space    used 8058K, capacity 8608K, committed 8664K, reserved 1048576K
}
Event: 285.096 GC heap before
{Heap before GC invocations=30 (full 4):
 PSYoungGen      total 138240K, used 13306K [0x00000000e0000000, 0x00000000ee980000, 0x0000000100000000)
  eden space 124928K, 0% used [0x00000000e0000000,0x00000000e0000000,0x00000000e7a00000)
  from space 13312K, 99% used [0x00000000e9a00000,0x00000000ea6fe938,0x00000000ea700000)
  to   space 32768K, 0% used [0x00000000e7a00000,0x00000000e7a00000,0x00000000e9a00000)
 ParOldGen       total 93184K, used 87464K [0x00000000a0000000, 0x00000000a5b00000, 0x00000000e0000000)
  object space 93184K, 93% used [0x00000000a0000000,0x00000000a556a0b8,0x00000000a5b00000)
 Metaspace       used 61140K, capacity 63726K, committed 63960K, reserved 1103872K
  class space    used 8058K, capacity 8608K, committed 8664K, reserved 1048576K
Event: 292.295 GC heap after
Heap after GC invocations=30 (full 4):
 PSYoungGen      total 138240K, used 0K [0x00000000e0000000, 0x00000000ee980000, 0x0000000100000000)
  eden space 124928K, 0% used [0x00000000e0000000,0x00000000e0000000,0x00000000e7a00000)
  from space 13312K, 0% used [0x00000000e9a00000,0x00000000e9a00000,0x00000000ea700000)
  to   space 32768K, 0% used [0x00000000e7a00000,0x00000000e7a00000,0x00000000e9a00000)
 ParOldGen       total 93184K, used 83244K [0x00000000a0000000, 0x00000000a5b00000, 0x00000000e0000000)
  object space 93184K, 89% used [0x00000000a0000000,0x00000000a514b268,0x00000000a5b00000)
 Metaspace       used 61138K, capacity 63720K, committed 63960K, reserved 1103872K
  class space    used 8057K, capacity 8607K, committed 8664K, reserved 1048576K
}

Deoptimization events (10 events):
Event: 273.396 Thread 0x000000005bed1000 Uncommon trap: reason=speculate_class_check action=maybe_recompile pc=0x000000000401b4ac method=com.android.dx.util.FixedSizeList.equals(Ljava/lang/Object;)Z @ 25
Event: 273.396 Thread 0x000000005bed1000 Uncommon trap: reason=speculate_class_check action=maybe_recompile pc=0x000000000401b4ac method=com.android.dx.util.FixedSizeList.equals(Ljava/lang/Object;)Z @ 25
Event: 273.396 Thread 0x000000005bed1000 Uncommon trap: reason=speculate_class_check action=maybe_recompile pc=0x000000000401b4ac method=com.android.dx.util.FixedSizeList.equals(Ljava/lang/Object;)Z @ 25
Event: 273.396 Thread 0x000000005bed1000 Uncommon trap: reason=speculate_class_check action=maybe_recompile pc=0x000000000401b4ac method=com.android.dx.util.FixedSizeList.equals(Ljava/lang/Object;)Z @ 25
Event: 274.313 Thread 0x000000005b400000 Uncommon trap: reason=unstable_if action=reinterpret pc=0x000000000416f40c method=com.android.dx.ssa.SCCP.simulateStmt(Lcom/android/dx/ssa/SsaInsn;)V @ 435
Event: 275.162 Thread 0x000000005bf22800 Uncommon trap: reason=unstable_if action=reinterpret pc=0x0000000003ec541c method=java.util.concurrent.ConcurrentHashMap.putVal(Ljava/lang/Object;Ljava/lang/Object;Z)Ljava/lang/Object; @ 331
Event: 277.499 Thread 0x000000005bf21000 Uncommon trap: reason=unstable_if action=reinterpret pc=0x00000000042589a4 method=com.android.dx.cf.code.ByteCatchList.listFor(I)Lcom/android/dx/cf/code/ByteCatchList; @ 47
Event: 279.257 Thread 0x000000005b400000 Uncommon trap: reason=unstable_if action=reinterpret pc=0x00000000043e3a78 method=com.android.dx.ssa.SCCP.simulateBranch(Lcom/android/dx/ssa/SsaInsn;)V @ 140
Event: 281.021 Thread 0x000000005bf21800 Uncommon trap: reason=unstable_if action=reinterpret pc=0x0000000003c16598 method=com.android.dx.rop.cst.CstNat.equals(Ljava/lang/Object;)Z @ 25
Event: 281.050 Thread 0x000000005bf22800 Uncommon trap: reason=unstable_if action=reinterpret pc=0x0000000004473318 method=com.android.dx.cf.code.RopperMachine.run(Lcom/android/dx/cf/code/Frame;II)V @ 356

Internal exceptions (10 events):
Event: 257.079 Thread 0x000000005b275000 Implicit null exception at 0x0000000003a541b6 to 0x0000000003a5448d
Event: 267.038 Thread 0x000000005bed0000 Exception <a 'sun/nio/fs/WindowsException'> (0x00000000e057e348) thrown at [C:\src\android\AOSP-openjdk\external\jetbrains\jdk\hotspot\src\share\vm\prims\jni.cpp, line 709]
Event: 268.212 Thread 0x000000005bed0000 Exception <a 'sun/nio/fs/WindowsException'> (0x00000000e069ceb8) thrown at [C:\src\android\AOSP-openjdk\external\jetbrains\jdk\hotspot\src\share\vm\prims\jni.cpp, line 709]
Event: 268.414 Thread 0x000000005bed0000 Exception <a 'sun/nio/fs/WindowsException'> (0x00000000e06b8358) thrown at [C:\src\android\AOSP-openjdk\external\jetbrains\jdk\hotspot\src\share\vm\prims\jni.cpp, line 709]
Event: 268.968 Thread 0x000000005bed0000 Exception <a 'sun/nio/fs/WindowsException'> (0x00000000e06d3c10) thrown at [C:\src\android\AOSP-openjdk\external\jetbrains\jdk\hotspot\src\share\vm\prims\jni.cpp, line 709]
Event: 269.100 Thread 0x000000005bed0000 Exception <a 'sun/nio/fs/WindowsException'> (0x00000000e0914410) thrown at [C:\src\android\AOSP-openjdk\external\jetbrains\jdk\hotspot\src\share\vm\prims\jni.cpp, line 709]
Event: 269.275 Thread 0x000000005bed0000 Exception <a 'sun/nio/fs/WindowsException'> (0x00000000e092f888) thrown at [C:\src\android\AOSP-openjdk\external\jetbrains\jdk\hotspot\src\share\vm\prims\jni.cpp, line 709]
Event: 269.842 Thread 0x000000005bed0000 Exception <a 'sun/nio/fs/WindowsException'> (0x00000000e094ad90) thrown at [C:\src\android\AOSP-openjdk\external\jetbrains\jdk\hotspot\src\share\vm\prims\jni.cpp, line 709]
Event: 271.168 Thread 0x000000005bed1000 Implicit null exception at 0x0000000003fd5e80 to 0x0000000003fd76a1
Event: 284.616 Thread 0x000000005becf800 Exception <a 'sun/nio/fs/WindowsException'> (0x00000000e7b09218) thrown at [C:\src\android\AOSP-openjdk\external\jetbrains\jdk\hotspot\src\share\vm\prims\jni.cpp, line 709]

Events (10 events):
Event: 292.408 Thread 0x0000000055f36800 flushing nmethod 0x0000000003943e90
Event: 292.408 Thread 0x0000000055f36800 flushing nmethod 0x0000000003944250
Event: 292.408 Thread 0x0000000055f36800 flushing nmethod 0x0000000003a0a310
Event: 292.410 Thread 0x0000000055f36800 flushing nmethod 0x0000000003bcff10
Event: 292.411 Thread 0x0000000055f36800 flushing nmethod 0x0000000003c5ed10
Event: 292.411 Thread 0x0000000055f36800 flushing nmethod 0x0000000003c7e150
Event: 292.417 Thread 0x0000000055f36800 flushing nmethod 0x0000000003ea9210
Event: 292.417 Thread 0x0000000055f36800 flushing nmethod 0x0000000003eaad90
Event: 292.425 Thread 0x000000005b3ff000 DEOPT PACKING pc=0x00000000042bea70 sp=0x00000000617be620
Event: 292.425 Thread 0x000000005b3ff000 DEOPT UNPACKING pc=0x00000000025571bf sp=0x00000000617be3a0 mode 0


Dynamic libraries:
0x000000013fec0000 - 0x000000013fef1000 	C:\Program Files\Android\Android Studio\jre\bin\java.exe
0x00000000775f0000 - 0x0000000077799000 	C:\Windows\SYSTEM32\ntdll.dll
0x00000000773d0000 - 0x00000000774ef000 	C:\Windows\system32\kernel32.dll
0x000007fefd730000 - 0x000007fefd79b000 	C:\Windows\system32\KERNELBASE.dll
0x000007fefdd30000 - 0x000007fefde0b000 	C:\Windows\system32\ADVAPI32.dll
0x000007fefead0000 - 0x000007fefeb6f000 	C:\Windows\system32\msvcrt.dll
0x000007fefe8f0000 - 0x000007fefe90f000 	C:\Windows\SYSTEM32\sechost.dll
0x000007fefe730000 - 0x000007fefe85d000 	C:\Windows\system32\RPCRT4.dll
0x00000000774f0000 - 0x00000000775ea000 	C:\Windows\system32\USER32.dll
0x000007fefd7d0000 - 0x000007fefd837000 	C:\Windows\system32\GDI32.dll
0x000007fefe310000 - 0x000007fefe31e000 	C:\Windows\system32\LPK.dll
0x000007fefe0b0000 - 0x000007fefe179000 	C:\Windows\system32\USP10.dll
0x000007fefa530000 - 0x000007fefa724000 	C:\Windows\WinSxS\amd64_microsoft.windows.common-controls_6595b64144ccf1df_6.0.7601.17514_none_fa396087175ac9ac\COMCTL32.dll
0x000007fefe290000 - 0x000007fefe301000 	C:\Windows\system32\SHLWAPI.dll
0x000007fefe8c0000 - 0x000007fefe8ee000 	C:\Windows\system32\IMM32.DLL
0x000007fefe180000 - 0x000007fefe289000 	C:\Windows\system32\MSCTF.dll
0x0000000074a10000 - 0x0000000074ae2000 	C:\Program Files\Android\Android Studio\jre\jre\bin\msvcr100.dll
0x000000006ce40000 - 0x000000006d67c000 	C:\Program Files\Android\Android Studio\jre\jre\bin\server\jvm.dll
0x000007fef3f90000 - 0x000007fef3f99000 	C:\Windows\system32\WSOCK32.dll
0x000007fefe860000 - 0x000007fefe8ad000 	C:\Windows\system32\WS2_32.dll
0x000007fefe8b0000 - 0x000007fefe8b8000 	C:\Windows\system32\NSI.dll
0x000007fef8e40000 - 0x000007fef8e7b000 	C:\Windows\system32\WINMM.dll
0x000007fefbfc0000 - 0x000007fefbfcc000 	C:\Windows\system32\VERSION.dll
0x00000000777b0000 - 0x00000000777b7000 	C:\Windows\system32\PSAPI.DLL
0x000007fef9810000 - 0x000007fef981f000 	C:\Program Files\Android\Android Studio\jre\jre\bin\verify.dll
0x000007fef8710000 - 0x000007fef8739000 	C:\Program Files\Android\Android Studio\jre\jre\bin\java.dll
0x000007fef86f0000 - 0x000007fef8706000 	C:\Program Files\Android\Android Studio\jre\jre\bin\zip.dll
0x000007fefeb70000 - 0x000007feff8f8000 	C:\Windows\system32\SHELL32.dll
0x000007fefe320000 - 0x000007fefe523000 	C:\Windows\system32\ole32.dll
0x000007fefd3a0000 - 0x000007fefd3af000 	C:\Windows\system32\profapi.dll
0x000007fef86d0000 - 0x000007fef86ea000 	C:\Program Files\Android\Android Studio\jre\jre\bin\net.dll
0x000007fefcbd0000 - 0x000007fefcc25000 	C:\Windows\system32\mswsock.dll
0x000007fefcbc0000 - 0x000007fefcbc7000 	C:\Windows\System32\wship6.dll
0x000007fef86b0000 - 0x000007fef86c1000 	C:\Program Files\Android\Android Studio\jre\jre\bin\nio.dll
0x000007fef8690000 - 0x000007fef86ae000 	C:\Users\Администратор\.gradle\native\23\windows-amd64\native-platform.dll
0x000007fefcc30000 - 0x000007fefcc47000 	C:\Windows\system32\CRYPTSP.dll
0x000007fefc930000 - 0x000007fefc977000 	C:\Windows\system32\rsaenh.dll
0x000007fefc6f0000 - 0x000007fefc70e000 	C:\Windows\system32\USERENV.dll
0x000007fefd230000 - 0x000007fefd23f000 	C:\Windows\system32\CRYPTBASE.dll
0x000007fefa500000 - 0x000007fefa527000 	C:\Windows\system32\IPHLPAPI.DLL
0x000007fefa4f0000 - 0x000007fefa4fb000 	C:\Windows\system32\WINNSI.DLL
0x000007fef8b10000 - 0x000007fef8b28000 	C:\Windows\system32\dhcpcsvc.DLL
0x000007fef8af0000 - 0x000007fef8b01000 	C:\Windows\system32\dhcpcsvc6.DLL
0x000007fef6140000 - 0x000007fef614d000 	C:\Program Files\Android\Android Studio\jre\jre\bin\management.dll
0x000007fefd2e0000 - 0x000007fefd337000 	C:\Windows\system32\apphelp.dll

VM Arguments:
jvm_args: -Xmx1536m -Dfile.encoding=windows-1251 -Duser.country=RU -Duser.language=ru -Duser.variant 
java_command: org.gradle.launcher.daemon.bootstrap.GradleDaemon 3.3
java_class_path (initial): C:\Users\Администратор\.gradle\wrapper\dists\gradle-3.3-all\55gk2rcmfc6p2dg9u9ohc3hw9\gradle-3.3\lib\gradle-launcher-3.3.jar
Launcher Type: SUN_STANDARD

Environment Variables:
JAVA_HOME=C:\Program Files\Java\jdk1.8.0_144
CLASSPATH=;
PATH=C:\oraclexe\app\oracle\product\11.2.0\server\bin;C:\Program Files (x86)\Common Files\Intel\Shared Files\cpp\bin\Intel64;C:\Program Files (x86)\Intel\iCLS Client\;C:\Program Files\Intel\iCLS Client\;C:\ProgramData\Oracle\Java\javapath;C:\Windows\system32;C:\Windows;C:\Windows\System32\Wbem;C:\Windows\System32\WindowsPowerShell\v1.0\;C:\Program Files (x86)\ATI.ACE\Core-Static;C:\Program Files\Intel\WiFi\bin\;C:\Program Files\Common Files\Intel\WirelessCommon\;C:\Program Files\Intel\Intel(R) Management Engine Components\DAL;C:\Program Files\Intel\Intel(R) Management Engine Components\IPT;C:\Program Files (x86)\Intel\Intel(R) Management Engine Components\DAL;C:\Program Files (x86)\Intel\Intel(R) Management Engine Components\IPT;C:\Program Files (x86)\Microsoft SQL Server\100\Tools\Binn\;C:\Program Files\Microsoft SQL Server\100\Tools\Binn\;C:\Program Files\Microsoft SQL Server\100\DTS\Binn\;C:\Program Files\Microsoft SQL Server\110\Tools\Binn\;C:\Program Files\Microsoft SQL Server\120\Tools\Binn\;C:\Program Files (x86)\Common Files\Acronis\SnapAPI\;C:\Program Files (x86)\Microsoft SQL Server\110\Tools\Binn\ManagementStudio\;C:\Program Files (x86)\Microsoft SQL Server\110\Tools\Binn\;C:\Program Files (x86)\Microsoft SQL Server\110\DTS\Binn\;C:\Program Files\Microsoft SQL Server\130\Tools\Binn\;C:\Program Files\dotnet\;C:\Program Files (x86)\Skype\Phone\;C:\Program Files\Git\cmd;C:\Program Files\Intel\WiFi\bin\;C:\Program Files\Common Files\Intel\WirelessCommon\;C:\Program Files\Java\jdk1.8.0_144\bin;C:\Program Files\ANT\bin;C:\OpenSSL-Win64\bin
USERNAME=Администратор
OS=Windows_NT
PROCESSOR_IDENTIFIER=Intel64 Family 6 Model 58 Stepping 9, GenuineIntel



---------------  S Y S T E M  ---------------

OS: Windows 7 , 64 bit Build 7601 (6.1.7601.18229)

CPU:total 2 (2 cores per cpu, 1 threads per core) family 6 model 58 stepping 9, cmov, cx8, fxsr, mmx, sse, sse2, sse3, ssse3, sse4.1, sse4.2, popcnt, clmul, erms, tsc, tscinvbit, tscinv

Memory: 4k page, physical 4092776k(143624k free), swap 7162912k(1928k free)

vm_info: OpenJDK 64-Bit Server VM (25.112-b06) for windows-amd64 JRE (1.8.0_112-release-b06), built on Dec  8 2016 00:54:26 by "builder" with MS VC++ 10.0 (VS2010)

time: Sat Apr 07 01:22:42 2018
elapsed time: 293 seconds (0d 0h 4m 53s)

